victorba@server19 [~]# cd public_html/test
victorba@server19 [~/public_html/test]# export SYMFONY_ENV=prod
victorba@server19 [~/public_html/test]# cd api
victorba@server19 [~/public_html/test/api]# php composer.phar install --no-dev - -optimize-autoloader
[32mLoading composer repositories with package information[39m
[32mInstalling dependencies from lock file[39m
  - Installing [32mdoctrine/lexer[39m ([33mv1.0.1[39m)
    Loading from cache

  - Installing [32mdoctrine/annotations[39m ([33mv1.2.3[39m)
    Loading from cache

  - Installing [32mtwig/twig[39m ([33mv1.18.0[39m)
    Loading from cache

  - Installing [32mpsr/log[39m ([33m1.0.0[39m)
    Loading from cache

  - Installing [32mdoctrine/inflector[39m ([33mv1.0.1[39m)
    Loading from cache

  - Installing [32mdoctrine/collections[39m ([33mv1.2[39m)
    Loading from cache

  - Installing [32mdoctrine/cache[39m ([33mv1.4.0[39m)
    Loading from cache

  - Installing [32mdoctrine/common[39m ([33mv2.4.2[39m)
    Loading from cache

  - Installing [32msymfony/symfony[39m ([33mv2.6.4[39m)
    Loading from cache

  - Installing [32mjdorn/sql-formatter[39m ([33mv1.2.17[39m)
    Loading from cache

  - Installing [32mdoctrine/doctrine-cache-bundle[39m ([33mv1.0.1[39m)
    Loading from cache

  - Installing [32mdoctrine/dbal[39m ([33mv2.4.4[39m)
    Loading from cache

  - Installing [32mdoctrine/doctrine-bundle[39m ([33mv1.4.0[39m)
    Loading from cache

  - Installing [32mdoctrine/orm[39m ([33mv2.4.7[39m)
    Loading from cache

  - Installing [32mreact/promise[39m ([33mv2.2.0[39m)
    Loading from cache

  - Installing [32mguzzlehttp/streams[39m ([33m3.0.0[39m)
    Loading from cache

  - Installing [32mguzzlehttp/ringphp[39m ([33m1.0.6[39m)
    Loading from cache

  - Installing [32mguzzlehttp/guzzle[39m ([33m5.2.0[39m)
    Loading from cache

  - Installing [32mfabpot/goutte[39m ([33mdev-master 17131e3[39m)
    Cloning 17131e3bcf29351bc6b7bc641eb6abc2126ad30c

  - Installing [32mincenteev/composer-parameter-handler[39m ([33mv2.1.0[39m)
    Loading from cache

  - Installing [32msensiolabs/security-checker[39m ([33mv2.0.1[39m)
    Loading from cache

  - Installing [32msensio/distribution-bundle[39m ([33mv3.0.18[39m)
    Loading from cache

  - Installing [32msensio/framework-extra-bundle[39m ([33mv3.0.4[39m)
    Loading from cache

  - Installing [32mstichoza/google-translate-php[39m ([33mv2.0.3[39m)
    Loading from cache

  - Installing [32mkriswallsmith/assetic[39m ([33mv1.2.1[39m)
    Loading from cache

  - Installing [32msymfony/assetic-bundle[39m ([33mv2.6.1[39m)
    Loading from cache

  - Installing [32mmonolog/monolog[39m ([33m1.13.1[39m)
    Loading from cache

  - Installing [32msymfony/monolog-bundle[39m ([33mv2.7.1[39m)
    Loading from cache

  - Installing [32mswiftmailer/swiftmailer[39m ([33mv5.3.1[39m)
    Loading from cache

  - Installing [32msymfony/swiftmailer-bundle[39m ([33mv2.3.8[39m)
    Loading from cache

  - Installing [32mtwig/extensions[39m ([33mv1.2.0[39m)
    Loading from cache

[32mGenerating optimized autoload files[39m
[32mUpdating the "app/config/parameters.yml" file[39m
Clearing the cache for the [32mprod[39m environment with debug [32mfalse[39m
Trying to install assets as [33msymbolic links[39m.
Installing assets for [33mSymfony\Bundle\FrameworkBundle[39m into [33mweb/bundles/framework[39m
The assets were installed using symbolic links.
victorba@server19 [~/public_html/test/api]# php app/console cache:clear --env=pr od --no-debug
Clearing the cache for the [32mprod[39m environment with debug [32mfalse[39m
victorba@server19 [~/public_html/test/api]# exit
logout
